<?xml version="1.0" encoding="UTF-8"?>
<!-- Generated by org.testng.reporters.JUnitXMLReporter -->
<testsuite ignored="0" hostname="Bobby" failures="0" tests="8" name="Default test" time="48.106" errors="0" timestamp="2025-07-10T17:47:43 IST">
  <testcase classname="package1.WebTable" name="testCricketScore" time="7.14"/>
  <testcase classname="package1.WebTable" name="testCricketScore" time="5.038"/>
  <testcase classname="package1.WebTable" name="testCricketScore" time="6.675"/>
  <testcase classname="package1.WebTable" name="testCricketScore" time="8.392"/>
  <testcase classname="package1.WebTable" name="testCricketScore" time="5.194"/>
  <testcase classname="package1.WebTable" name="testCricketScore" time="5.236"/>
  <testcase classname="package1.WebTable" name="testCricketScore" time="4.15"/>
  <testcase classname="package1.WebTable" name="testCricketScore" time="4.958"/>
</testsuite> <!-- Default test -->
