<?xml version="1.0" encoding="UTF-8"?>
<!-- Generated by org.testng.reporters.JUnitXMLReporter -->
<testsuite ignored="0" hostname="Bobby" failures="0" tests="7" name="Default test" time="17.011" errors="0" timestamp="2025-07-08T20:36:29 IST">
  <testcase classname="package1.WebTable" name="testCricketScore" time="4.914"/>
  <testcase classname="package1.WebTable" name="testCricketScore" time="2.037"/>
  <testcase classname="package1.WebTable" name="testCricketScore" time="2.21"/>
  <testcase classname="package1.WebTable" name="testCricketScore" time="1.918"/>
  <testcase classname="package1.WebTable" name="testCricketScore" time="1.99"/>
  <testcase classname="package1.WebTable" name="testCricketScore" time="1.975"/>
  <testcase classname="package1.WebTable" name="testCricketScore" time="1.58"/>
</testsuite> <!-- Default test -->
