<?xml version="1.0" encoding="UTF-8"?>
<!-- Generated by org.testng.reporters.JUnitXMLReporter -->
<testsuite ignored="0" hostname="Bobby" failures="0" tests="14" name="Test" time="56.558" errors="0" timestamp="2025-07-10T14:48:18 IST">
  <testcase classname="package1.MakeMyTrip" name="testLeastPrice" time="2.987"/>
  <testcase classname="package1.MakeMyTrip" name="testLeastPrice" time="3.292"/>
  <testcase classname="package1.MakeMyTrip" name="testLeastPrice" time="2.798"/>
  <testcase classname="package1.MakeMyTrip" name="testLeastPrice" time="2.302"/>
  <testcase classname="package1.WebTable" name="testCricketScore" time="11.695"/>
  <testcase classname="package1.WebTable" name="testCricketScore" time="4.124"/>
  <testcase classname="package1.WebTable" name="testCricketScore" time="3.234"/>
  <testcase classname="package1.WebTable" name="testCricketScore" time="2.81"/>
  <testcase classname="package1.WebTable" name="testCricketScore" time="2.675"/>
  <testcase classname="package1.WebTable" name="testCricketScore" time="2.338"/>
  <testcase classname="package1.WebTable" name="testCricketScore" time="1.944"/>
  <testcase classname="package1.WebTable" name="testCricketScore" time="2.09"/>
  <testcase classname="testCases.BMWFirstCar" name="testFirstCar" time="4.254"/>
  <testcase classname="testCases.TataFirstCar" name="testFirstCarTitle" time="4.305"/>
</testsuite> <!-- Test -->
