<?xml version="1.0" encoding="UTF-8"?>
<!-- Generated by org.testng.reporters.JUnitXMLReporter -->
<testsuite ignored="0" hostname="Bobby" failures="0" tests="15" name="Test" time="77.364" errors="0" timestamp="2025-07-09T18:40:59 IST">
  <testcase classname="package1.MakeMyTrip" name="testLeastPrice" time="3.724"/>
  <testcase classname="package1.MakeMyTrip" name="testLeastPrice" time="4.444"/>
  <testcase classname="package1.MakeMyTrip" name="testLeastPrice" time="4.313"/>
  <testcase classname="package1.MakeMyTrip" name="testLeastPrice" time="2.639"/>
  <testcase classname="package1.MakeMyTrip" name="testLeastPrice" time="2.679"/>
  <testcase classname="package1.MakeMyTrip" name="testLeastPrice" time="2.563"/>
  <testcase classname="package1.WebTable" name="testCricketScore" time="8.084"/>
  <testcase classname="package1.WebTable" name="testCricketScore" time="4.7"/>
  <testcase classname="package1.WebTable" name="testCricketScore" time="4.478"/>
  <testcase classname="package1.WebTable" name="testCricketScore" time="2.822"/>
  <testcase classname="package1.WebTable" name="testCricketScore" time="4.069"/>
  <testcase classname="package1.WebTable" name="testCricketScore" time="3.871"/>
  <testcase classname="package1.WebTable" name="testCricketScore" time="3.174"/>
  <testcase classname="testCases.BMWFirstCar" name="testFirstCar" time="7.965"/>
  <testcase classname="testCases.TataFirstCar" name="testFirstCarTitle" time="10.292"/>
</testsuite> <!-- Test -->
