<?xml version="1.0" encoding="UTF-8"?>
<!-- Generated by org.testng.reporters.JUnitXMLReporter -->
<testsuite ignored="0" hostname="Bobby" failures="0" tests="13" name="Test" time="46.084" errors="0" timestamp="2025-07-08T21:31:48 IST">
  <testcase classname="package1.MakeMyTrip" name="testLeastPrice" time="3.478"/>
  <testcase classname="package1.MakeMyTrip" name="testLeastPrice" time="3.696"/>
  <testcase classname="package1.MakeMyTrip" name="testLeastPrice" time="4.593"/>
  <testcase classname="package1.MakeMyTrip" name="testLeastPrice" time="3.033"/>
  <testcase classname="package1.MakeMyTrip" name="testLeastPrice" time="2.462"/>
  <testcase classname="package1.MakeMyTrip" name="testLeastPrice" time="2.522"/>
  <testcase classname="package1.WebTable" name="testCricketScore" time="5.59"/>
  <testcase classname="package1.WebTable" name="testCricketScore" time="3.331"/>
  <testcase classname="package1.WebTable" name="testCricketScore" time="2.91"/>
  <testcase classname="package1.WebTable" name="testCricketScore" time="2.118"/>
  <testcase classname="package1.WebTable" name="testCricketScore" time="2.425"/>
  <testcase classname="package1.WebTable" name="testCricketScore" time="2.343"/>
  <testcase classname="package1.WebTable" name="testCricketScore" time="1.993"/>
</testsuite> <!-- Test -->
