<?xml version="1.0" encoding="UTF-8"?>
<!-- Generated by org.testng.reporters.JUnitXMLReporter -->
<testsuite ignored="0" hostname="Bobby" failures="0" tests="14" name="Test" time="53.378" errors="0" timestamp="2025-07-09T20:27:40 IST">
  <testcase classname="package1.MakeMyTrip" name="testLeastPrice" time="2.687"/>
  <testcase classname="package1.MakeMyTrip" name="testLeastPrice" time="2.561"/>
  <testcase classname="package1.MakeMyTrip" name="testLeastPrice" time="2.437"/>
  <testcase classname="package1.MakeMyTrip" name="testLeastPrice" time="3.331"/>
  <testcase classname="package1.MakeMyTrip" name="testLeastPrice" time="2.565"/>
  <testcase classname="package1.WebTable" name="testCricketScore" time="5.67"/>
  <testcase classname="package1.WebTable" name="testCricketScore" time="3.571"/>
  <testcase classname="package1.WebTable" name="testCricketScore" time="3.632"/>
  <testcase classname="package1.WebTable" name="testCricketScore" time="3.462"/>
  <testcase classname="package1.WebTable" name="testCricketScore" time="2.792"/>
  <testcase classname="package1.WebTable" name="testCricketScore" time="3.348"/>
  <testcase classname="package1.WebTable" name="testCricketScore" time="2.982"/>
  <testcase classname="testCases.BMWFirstCar" name="testFirstCar" time="4.486"/>
  <testcase classname="testCases.TataFirstCar" name="testFirstCarTitle" time="6.186"/>
</testsuite> <!-- Test -->
