<?xml version="1.0" encoding="UTF-8"?>
<testng-results ignored="0" total="13" passed="13" failed="0" skipped="0">
  <reporter-output>
  </reporter-output>
  <suite started-at="2025-07-08T21:31:02 IST" name="Suite" finished-at="2025-07-08T21:31:48 IST" duration-ms="46084">
    <groups>
    </groups>
    <test started-at="2025-07-08T21:31:02 IST" name="Test" finished-at="2025-07-08T21:31:48 IST" duration-ms="46084">
      <class name="package1.MakeMyTrip">
        <test-method is-config="true" signature="launchingBrowser()[pri:0, instance:package1.MakeMyTrip@635572a7]" started-at="2025-07-08T21:31:02 IST" name="launchingBrowser" finished-at="2025-07-08T21:31:07 IST" duration-ms="4473" status="PASS">
          <reporter-output>
          </reporter-output>
        </test-method> <!-- launchingBrowser -->
        <test-method signature="testLeastPrice(java.lang.String,java.lang.String)[pri:0, instance:package1.MakeMyTrip@635572a7]" started-at="2025-07-08T21:31:07 IST" name="testLeastPrice" data-provider="cities" finished-at="2025-07-08T21:31:10 IST" duration-ms="3478" status="PASS">
          <params>
            <param index="0">
              <value>
                <![CDATA[Hyderabad]]>
              </value>
            </param>
            <param index="1">
              <value>
                <![CDATA[Bengaluru]]>
              </value>
            </param>
          </params>
          <reporter-output>
          </reporter-output>
        </test-method> <!-- testLeastPrice -->
        <test-method signature="testLeastPrice(java.lang.String,java.lang.String)[pri:0, instance:package1.MakeMyTrip@635572a7]" started-at="2025-07-08T21:31:10 IST" name="testLeastPrice" data-provider="cities" finished-at="2025-07-08T21:31:14 IST" duration-ms="3696" status="PASS">
          <params>
            <param index="0">
              <value>
                <![CDATA[Bengaluru]]>
              </value>
            </param>
            <param index="1">
              <value>
                <![CDATA[Hyderabad]]>
              </value>
            </param>
          </params>
          <reporter-output>
          </reporter-output>
        </test-method> <!-- testLeastPrice -->
        <test-method signature="testLeastPrice(java.lang.String,java.lang.String)[pri:0, instance:package1.MakeMyTrip@635572a7]" started-at="2025-07-08T21:31:14 IST" name="testLeastPrice" data-provider="cities" finished-at="2025-07-08T21:31:19 IST" duration-ms="4593" status="PASS">
          <params>
            <param index="0">
              <value>
                <![CDATA[Bengaluru]]>
              </value>
            </param>
            <param index="1">
              <value>
                <![CDATA[Chennai]]>
              </value>
            </param>
          </params>
          <reporter-output>
          </reporter-output>
        </test-method> <!-- testLeastPrice -->
        <test-method signature="testLeastPrice(java.lang.String,java.lang.String)[pri:0, instance:package1.MakeMyTrip@635572a7]" started-at="2025-07-08T21:31:19 IST" name="testLeastPrice" data-provider="cities" finished-at="2025-07-08T21:31:22 IST" duration-ms="3033" status="PASS">
          <params>
            <param index="0">
              <value>
                <![CDATA[Chennai]]>
              </value>
            </param>
            <param index="1">
              <value>
                <![CDATA[Delhi]]>
              </value>
            </param>
          </params>
          <reporter-output>
          </reporter-output>
        </test-method> <!-- testLeastPrice -->
        <test-method signature="testLeastPrice(java.lang.String,java.lang.String)[pri:0, instance:package1.MakeMyTrip@635572a7]" started-at="2025-07-08T21:31:22 IST" name="testLeastPrice" data-provider="cities" finished-at="2025-07-08T21:31:24 IST" duration-ms="2462" status="PASS">
          <params>
            <param index="0">
              <value>
                <![CDATA[Mumbai]]>
              </value>
            </param>
            <param index="1">
              <value>
                <![CDATA[Delhi]]>
              </value>
            </param>
          </params>
          <reporter-output>
          </reporter-output>
        </test-method> <!-- testLeastPrice -->
        <test-method signature="testLeastPrice(java.lang.String,java.lang.String)[pri:0, instance:package1.MakeMyTrip@635572a7]" started-at="2025-07-08T21:31:24 IST" name="testLeastPrice" data-provider="cities" finished-at="2025-07-08T21:31:27 IST" duration-ms="2522" status="PASS">
          <params>
            <param index="0">
              <value>
                <![CDATA[Kolkata]]>
              </value>
            </param>
            <param index="1">
              <value>
                <![CDATA[Delhi]]>
              </value>
            </param>
          </params>
          <reporter-output>
          </reporter-output>
        </test-method> <!-- testLeastPrice -->
        <test-method is-config="true" signature="closingBrowser()[pri:0, instance:package1.MakeMyTrip@635572a7]" started-at="2025-07-08T21:31:47 IST" name="closingBrowser" finished-at="2025-07-08T21:31:48 IST" duration-ms="501" status="PASS">
          <reporter-output>
          </reporter-output>
        </test-method> <!-- closingBrowser -->
      </class> <!-- package1.MakeMyTrip -->
      <class name="package1.WebTable">
        <test-method signature="testCricketScore(java.lang.String,java.lang.String)[pri:1, instance:package1.WebTable@acdb094]" started-at="2025-07-08T21:31:27 IST" name="testCricketScore" data-provider="inningNo" finished-at="2025-07-08T21:31:32 IST" duration-ms="5590" status="PASS">
          <params>
            <param index="0">
              <value>
                <![CDATA[innings_1]]>
              </value>
            </param>
            <param index="1">
              <value>
                <![CDATA[https://www.cricbuzz.com/live-cricket-scorecard/106673/rsa-vs-aus-final-icc-world-test-championship-final-2025]]>
              </value>
            </param>
          </params>
          <reporter-output>
          </reporter-output>
        </test-method> <!-- testCricketScore -->
        <test-method signature="testCricketScore(java.lang.String,java.lang.String)[pri:1, instance:package1.WebTable@acdb094]" started-at="2025-07-08T21:31:32 IST" name="testCricketScore" data-provider="inningNo" finished-at="2025-07-08T21:31:36 IST" duration-ms="3331" status="PASS">
          <params>
            <param index="0">
              <value>
                <![CDATA[innings_2]]>
              </value>
            </param>
            <param index="1">
              <value>
                <![CDATA[https://www.cricbuzz.com/live-cricket-scorecard/106673/rsa-vs-aus-final-icc-world-test-championship-final-2025]]>
              </value>
            </param>
          </params>
          <reporter-output>
          </reporter-output>
        </test-method> <!-- testCricketScore -->
        <test-method signature="testCricketScore(java.lang.String,java.lang.String)[pri:1, instance:package1.WebTable@acdb094]" started-at="2025-07-08T21:31:36 IST" name="testCricketScore" data-provider="inningNo" finished-at="2025-07-08T21:31:39 IST" duration-ms="2910" status="PASS">
          <params>
            <param index="0">
              <value>
                <![CDATA[innings_3]]>
              </value>
            </param>
            <param index="1">
              <value>
                <![CDATA[https://www.cricbuzz.com/live-cricket-scorecard/106673/rsa-vs-aus-final-icc-world-test-championship-final-2025]]>
              </value>
            </param>
          </params>
          <reporter-output>
          </reporter-output>
        </test-method> <!-- testCricketScore -->
        <test-method signature="testCricketScore(java.lang.String,java.lang.String)[pri:1, instance:package1.WebTable@acdb094]" started-at="2025-07-08T21:31:39 IST" name="testCricketScore" data-provider="inningNo" finished-at="2025-07-08T21:31:41 IST" duration-ms="2118" status="PASS">
          <params>
            <param index="0">
              <value>
                <![CDATA[innings_4]]>
              </value>
            </param>
            <param index="1">
              <value>
                <![CDATA[https://www.cricbuzz.com/live-cricket-scorecard/106673/rsa-vs-aus-final-icc-world-test-championship-final-2025]]>
              </value>
            </param>
          </params>
          <reporter-output>
          </reporter-output>
        </test-method> <!-- testCricketScore -->
        <test-method signature="testCricketScore(java.lang.String,java.lang.String)[pri:1, instance:package1.WebTable@acdb094]" started-at="2025-07-08T21:31:41 IST" name="testCricketScore" data-provider="inningNo" finished-at="2025-07-08T21:31:43 IST" duration-ms="2425" status="PASS">
          <params>
            <param index="0">
              <value>
                <![CDATA[innings_1]]>
              </value>
            </param>
            <param index="1">
              <value>
                <![CDATA[https://www.cricbuzz.com/live-cricket-scorecard/118586/sl-vs-ban-1st-test-bangladesh-tour-of-sri-lanka-2025]]>
              </value>
            </param>
          </params>
          <reporter-output>
          </reporter-output>
        </test-method> <!-- testCricketScore -->
        <test-method signature="testCricketScore(java.lang.String,java.lang.String)[pri:1, instance:package1.WebTable@acdb094]" started-at="2025-07-08T21:31:43 IST" name="testCricketScore" data-provider="inningNo" finished-at="2025-07-08T21:31:45 IST" duration-ms="2343" status="PASS">
          <params>
            <param index="0">
              <value>
                <![CDATA[innings_2]]>
              </value>
            </param>
            <param index="1">
              <value>
                <![CDATA[https://www.cricbuzz.com/live-cricket-scorecard/118586/sl-vs-ban-1st-test-bangladesh-tour-of-sri-lanka-2025]]>
              </value>
            </param>
          </params>
          <reporter-output>
          </reporter-output>
        </test-method> <!-- testCricketScore -->
        <test-method signature="testCricketScore(java.lang.String,java.lang.String)[pri:1, instance:package1.WebTable@acdb094]" started-at="2025-07-08T21:31:45 IST" name="testCricketScore" data-provider="inningNo" finished-at="2025-07-08T21:31:47 IST" duration-ms="1993" status="PASS">
          <params>
            <param index="0">
              <value>
                <![CDATA[innings_3]]>
              </value>
            </param>
            <param index="1">
              <value>
                <![CDATA[https://www.cricbuzz.com/live-cricket-scorecard/118586/sl-vs-ban-1st-test-bangladesh-tour-of-sri-lanka-2025]]>
              </value>
            </param>
          </params>
          <reporter-output>
          </reporter-output>
        </test-method> <!-- testCricketScore -->
        <test-method is-config="true" signature="closeBrowser()[pri:0, instance:package1.WebTable@acdb094]" started-at="2025-07-08T21:31:48 IST" name="closeBrowser" finished-at="2025-07-08T21:31:48 IST" duration-ms="499" status="PASS">
          <reporter-output>
          </reporter-output>
        </test-method> <!-- closeBrowser -->
      </class> <!-- package1.WebTable -->
    </test> <!-- Test -->
  </suite> <!-- Suite -->
</testng-results>
