<?xml version="1.0" encoding="UTF-8"?>
<testsuite xmlns:xsi="http://www.w3.org/2001/XMLSchema-instance" xsi:noNamespaceSchemaLocation="https://maven.apache.org/surefire/maven-surefire-plugin/xsd/surefire-test-report.xsd" version="3.0.2" name="TestSuite" time="56.055" tests="14" errors="0" skipped="0" failures="0">
  <properties>
[...]
</properties>
  <testcase name="testLeastPrice[Hyderabad, Bengaluru](1)" classname="package1.MakeMyTrip" time="2.687">
    <system-out><![CDATA[
From Hyderabad to Bengaluru Flights
Cheapest flight Price is :2276
Dated on Tue Jul 22 2025
]]></system-out>
    <system-err><![CDATA[SLF4J(W): No SLF4J providers were found.
SLF4J(W): Defaulting to no-operation (NOP) logger implementation
SLF4J(W): See https://www.slf4j.org/codes.html#noProviders for further details.
]]></system-err>
  </testcase>
  <testcase name="testLeastPrice[Bengaluru, Hyderabad](2)" classname="package1.MakeMyTrip" time="2.56">
    <system-out><![CDATA[
From Bengaluru to Hyderabad Flights
Cheapest flight Price is :2527
Dated on Tue Jul 15 2025
]]></system-out>
  </testcase>
  <testcase name="testLeastPrice[Chennai, Delhi](3)" classname="package1.MakeMyTrip" time="2.437">
    <system-out><![CDATA[
From Chennai to Delhi Flights
Cheapest flight Price is :4250
Dated on Mon Jul 21 2025
]]></system-out>
  </testcase>
  <testcase name="testLeastPrice[Mumbai, Delhi](4)" classname="package1.MakeMyTrip" time="3.331">
    <system-out><![CDATA[
From Mumbai to Delhi Flights
Cheapest flight Price is :3831
Dated on Wed Jul 16 2025
]]></system-out>
  </testcase>
  <testcase name="testLeastPrice[Kolkata, Delhi](5)" classname="package1.MakeMyTrip" time="2.565">
    <system-out><![CDATA[
From Kolkata to Delhi Flights
Cheapest flight Price is :4432
Dated on Fri Aug 22 2025
]]></system-out>
  </testcase>
  <testcase name="testCricketScore[innings_1, https://www.cricbuzz.com/live-cricket-scorecard/106673/rsa-vs-aus-final-icc-world-test-championship-final-2025](1)" classname="package1.WebTable" time="5.671">
    <system-out><![CDATA[Batter                                                                     R     B     4s    6s    SR    
Khawaja                       c Bedingham b Rabada                         0     20    0     0     0.00  
Labuschagne                   c Verreynne b Marco Jansen                   17    56    1     0     30.36 
Green                         c Markram b Rabada                           4     3     1     0     133.33
Steven Smith                  c Marco Jansen b Markram                     66    112   10    0     58.93 
Head                          c Verreynne b Marco Jansen                   11    13    1     0     84.62 
Webster                       c Bedingham b Rabada                         72    92    11    0     78.26 
Alex Carey (wk)               b Maharaj                                    23    31    4     0     74.19 
Cummins (c)                   b Rabada                                     1     6     0     0     16.67 
Mitchell Starc                b Rabada                                     1     12    0     0     8.33  
Lyon                          b Marco Jansen                               0     4     0     0     0.00  
Hazlewood                     not out                                      0     1     0     0     0.00  
===========================================================================================================
]]></system-out>
  </testcase>
  <testcase name="testCricketScore[innings_2, https://www.cricbuzz.com/live-cricket-scorecard/106673/rsa-vs-aus-final-icc-world-test-championship-final-2025](2)" classname="package1.WebTable" time="3.571">
    <system-out><![CDATA[Batter                                                                     R     B     4s    6s    SR    
Markram                       b Mitchell Starc                             0     6     0     0     0.00  
Rickelton                     c Khawaja b Mitchell Starc                   16    23    3     0     69.57 
Mulder                        b Cummins                                    6     44    0     0     13.64 
Bavuma (c)                    c Labuschagne b Cummins                      36    84    4     1     42.86 
Stubbs                        b Hazlewood                                  2     13    0     0     15.38 
Bedingham                     c Alex Carey b Cummins                       45    111   6     0     40.54 
Verreynne (wk)                lbw b Cummins                                13    39    0     0     33.33 
Marco Jansen                  c and b Cummins                              0     3     0     0     0.00  
Maharaj                       run out (Head/Alex Carey)                    7     15    1     0     46.67 
Rabada                        c Webster b Cummins                          1     6     0     0     16.67 
Lungi Ngidi                   not out                                      0     1     0     0     0.00  
===========================================================================================================
]]></system-out>
  </testcase>
  <testcase name="testCricketScore[innings_3, https://www.cricbuzz.com/live-cricket-scorecard/106673/rsa-vs-aus-final-icc-world-test-championship-final-2025](3)" classname="package1.WebTable" time="3.634">
    <system-out><![CDATA[Batter                                                                     R     B     4s    6s    SR    
Labuschagne                   c Verreynne b Marco Jansen                   22    64    2     0     34.38 
Khawaja                       c Verreynne b Rabada                         6     23    0     0     26.09 
Green                         c Mulder b Rabada                            0     2     0     0     0.00  
Steven Smith                  lbw b Lungi Ngidi                            13    25    1     0     52.00 
Head                          b Mulder                                     9     18    1     0     50.00 
Webster                       lbw b Lungi Ngidi                            9     11    1     0     81.82 
Alex Carey (wk)               lbw b Rabada                                 43    50    5     0     86.00 
Cummins (c)                   b Lungi Ngidi                                6     5     1     0     120.00
Mitchell Starc                not out                                      58    136   5     0     42.65 
Lyon                          lbw b Rabada                                 2     13    0     0     15.38 
Hazlewood                     c Maharaj b Markram                          17    53    2     0     32.08 
===========================================================================================================
]]></system-out>
  </testcase>
  <testcase name="testCricketScore[innings_4, https://www.cricbuzz.com/live-cricket-scorecard/106673/rsa-vs-aus-final-icc-world-test-championship-final-2025](4)" classname="package1.WebTable" time="3.462">
    <system-out><![CDATA[Batter                                                                     R     B     4s    6s    SR    
Aiden Markram                 c Head b Hazlewood                           136   207   14    0     65.70 
Ryan Rickelton                c Alex Carey b Mitchell Starc                6     8     1     0     75.00 
Wiaan Mulder                  c Labuschagne b Mitchell Starc               27    50    5     0     54.00 
Temba Bavuma (c)              c Alex Carey b Cummins                       66    134   5     0     49.25 
Tristan Stubbs                b Mitchell Starc                             8     43    0     0     18.60 
David Bedingham               not out                                      21    49    1     0     42.86 
Kyle Verreynne (wk)           not out                                      4     13    0     0     30.77 
===========================================================================================================
]]></system-out>
  </testcase>
  <testcase name="testCricketScore[innings_1, https://www.cricbuzz.com/live-cricket-scorecard/118586/sl-vs-ban-1st-test-bangladesh-tour-of-sri-lanka-2025](5)" classname="package1.WebTable" time="2.791">
    <system-out><![CDATA[Batter                                                                     R     B     4s    6s    SR    
Shadman Islam                 c Dhananjaya de Silva b Tharindu Ratnayake   14    53    1     0     26.42 
Anamul Haque                  c Kusal Mendis b Asitha Fernando             0     10    0     0     0.00  
Mominul                       c Dhananjaya de Silva b Tharindu Ratnayake   29    33    4     0     87.88 
Shanto (c)                    c Mathews b Asitha Fernando                  148   279   15    1     53.05 
Mushfiqur Rahim               lbw b Asitha Fernando                        163   350   9     0     46.57 
Litton Das (wk)               c Kusal Mendis b Tharindu Ratnayake          90    123   11    1     73.17 
Jaker Ali                     b Rathnayake                                 8     16    1     0     50.00 
Nayeem Hasan                  c Kusal Mendis b Rathnayake                  11    30    1     0     36.67 
Taijul Islam                  b Rathnayake                                 6     7     1     0     85.71 
Hasan Mahmud                  not out                                      7     15    1     0     46.67 
Nahid Rana                    c Kusal Mendis b Asitha Fernando             0     8     0     0     0.00  
===========================================================================================================
]]></system-out>
  </testcase>
  <testcase name="testCricketScore[innings_2, https://www.cricbuzz.com/live-cricket-scorecard/118586/sl-vs-ban-1st-test-bangladesh-tour-of-sri-lanka-2025](6)" classname="package1.WebTable" time="3.349">
    <system-out><![CDATA[Batter                                                                     R     B     4s    6s    SR    
Pathum Nissanka               b Hasan Mahmud                               187   256   23    1     73.05 
Lahiru Udara                  c and b Taijul Islam                         29    34    6     0     85.29 
Chandimal                     c Shadman Islam b Nayeem Hasan               54    119   4     0     45.38 
Mathews                       c Litton Das b Mominul                       39    69    3     1     56.52 
Kamindu Mendis                c Litton Das b Nayeem Hasan                  87    148   8     1     58.78 
Dhananjaya de Silva (c)       c Litton Das b Nayeem Hasan                  19    36    2     0     52.78 
Kusal Mendis (wk)             c Litton Das b Hasan Mahmud                  5     17    1     0     29.41 
Rathnayake                    b Hasan Mahmud                               39    83    3     1     46.99 
Tharindu Ratnayake            b Nayeem Hasan                               0     7     0     0     0.00  
Prabath Jayasuriya            not out                                      11    13    2     0     84.62 
Asitha Fernando               b Nayeem Hasan                               4     8     1     0     50.00 
===========================================================================================================
]]></system-out>
  </testcase>
  <testcase name="testCricketScore[innings_3, https://www.cricbuzz.com/live-cricket-scorecard/118586/sl-vs-ban-1st-test-bangladesh-tour-of-sri-lanka-2025](7)" classname="package1.WebTable" time="2.982">
    <system-out><![CDATA[Batter                                                                     R     B     4s    6s    SR    
Shadman Islam                 lbw b Rathnayake                             76    126   7     0     60.32 
Anamul Haque                  c Kusal Mendis b Prabath Jayasuriya          4     20    0     0     20.00 
Mominul                       c Lahiru Udara b Tharindu Ratnayake          14    40    0     1     35.00 
Shanto (c)                    not out                                      125   199   9     3     62.81 
Mushfiqur Rahim               run out (Tharindu Ratnayake)                 49    102   4     0     48.04 
Litton Das (wk)               b Tharindu Ratnayake                         3     5     0     0     60.00 
Jaker Ali                     st Kusal Mendis b Tharindu Ratnayake         2     7     0     0     28.57 
Nayeem Hasan                  not out                                      7     23    0     0     30.43 
===========================================================================================================
]]></system-out>
  </testcase>
  <testcase name="testFirstCar" classname="testCases.BMWFirstCar" time="4.489">
    <system-out><![CDATA[BMW New 2 Series Gran Coupe
]]></system-out>
  </testcase>
  <testcase name="testFirstCarTitle" classname="testCases.TataFirstCar" time="6.185">
    <system-out><![CDATA[Tata Cars Price in India - Tata Models 2025 - Reviews, Specs & Dealers - CarWale
Tata Nexon
.26.00
]]></system-out>
  </testcase>
</testsuite>