<?xml version="1.0" encoding="UTF-8"?>
<testng-results ignored="0" total="14" passed="14" failed="0" skipped="0">
  <reporter-output>
  </reporter-output>
  <suite started-at="2025-07-09T20:26:46 IST" name="Suite" finished-at="2025-07-09T20:27:40 IST" duration-ms="53378">
    <groups>
    </groups>
    <test started-at="2025-07-09T20:26:46 IST" name="Test" finished-at="2025-07-09T20:27:40 IST" duration-ms="53378">
      <class name="package1.MakeMyTrip">
        <test-method is-config="true" signature="launchingBrowser()[pri:0, instance:package1.MakeMyTrip@6fe1b4fb]" started-at="2025-07-09T20:26:46 IST" name="launchingBrowser" finished-at="2025-07-09T20:26:48 IST" duration-ms="2070" status="PASS">
          <reporter-output>
          </reporter-output>
        </test-method> <!-- launchingBrowser -->
        <test-method signature="testLeastPrice(java.lang.String,java.lang.String)[pri:0, instance:package1.MakeMyTrip@6fe1b4fb]" started-at="2025-07-09T20:26:48 IST" name="testLeastPrice" data-provider="cities" finished-at="2025-07-09T20:26:51 IST" duration-ms="2687" status="PASS">
          <params>
            <param index="0">
              <value>
                <![CDATA[Hyderabad]]>
              </value>
            </param>
            <param index="1">
              <value>
                <![CDATA[Bengaluru]]>
              </value>
            </param>
          </params>
          <reporter-output>
          </reporter-output>
        </test-method> <!-- testLeastPrice -->
        <test-method signature="testLeastPrice(java.lang.String,java.lang.String)[pri:0, instance:package1.MakeMyTrip@6fe1b4fb]" started-at="2025-07-09T20:26:51 IST" name="testLeastPrice" data-provider="cities" finished-at="2025-07-09T20:26:54 IST" duration-ms="2561" status="PASS">
          <params>
            <param index="0">
              <value>
                <![CDATA[Bengaluru]]>
              </value>
            </param>
            <param index="1">
              <value>
                <![CDATA[Hyderabad]]>
              </value>
            </param>
          </params>
          <reporter-output>
          </reporter-output>
        </test-method> <!-- testLeastPrice -->
        <test-method signature="testLeastPrice(java.lang.String,java.lang.String)[pri:0, instance:package1.MakeMyTrip@6fe1b4fb]" started-at="2025-07-09T20:26:54 IST" name="testLeastPrice" data-provider="cities" finished-at="2025-07-09T20:26:56 IST" duration-ms="2437" status="PASS">
          <params>
            <param index="0">
              <value>
                <![CDATA[Chennai]]>
              </value>
            </param>
            <param index="1">
              <value>
                <![CDATA[Delhi]]>
              </value>
            </param>
          </params>
          <reporter-output>
          </reporter-output>
        </test-method> <!-- testLeastPrice -->
        <test-method signature="testLeastPrice(java.lang.String,java.lang.String)[pri:0, instance:package1.MakeMyTrip@6fe1b4fb]" started-at="2025-07-09T20:26:56 IST" name="testLeastPrice" data-provider="cities" finished-at="2025-07-09T20:26:59 IST" duration-ms="3331" status="PASS">
          <params>
            <param index="0">
              <value>
                <![CDATA[Mumbai]]>
              </value>
            </param>
            <param index="1">
              <value>
                <![CDATA[Delhi]]>
              </value>
            </param>
          </params>
          <reporter-output>
          </reporter-output>
        </test-method> <!-- testLeastPrice -->
        <test-method signature="testLeastPrice(java.lang.String,java.lang.String)[pri:0, instance:package1.MakeMyTrip@6fe1b4fb]" started-at="2025-07-09T20:26:59 IST" name="testLeastPrice" data-provider="cities" finished-at="2025-07-09T20:27:02 IST" duration-ms="2565" status="PASS">
          <params>
            <param index="0">
              <value>
                <![CDATA[Kolkata]]>
              </value>
            </param>
            <param index="1">
              <value>
                <![CDATA[Delhi]]>
              </value>
            </param>
          </params>
          <reporter-output>
          </reporter-output>
        </test-method> <!-- testLeastPrice -->
        <test-method is-config="true" signature="closingBrowser()[pri:0, instance:package1.MakeMyTrip@6fe1b4fb]" started-at="2025-07-09T20:27:38 IST" name="closingBrowser" finished-at="2025-07-09T20:27:39 IST" duration-ms="733" status="PASS">
          <reporter-output>
          </reporter-output>
        </test-method> <!-- closingBrowser -->
      </class> <!-- package1.MakeMyTrip -->
      <class name="testCases.BMWFirstCar">
        <test-method signature="testFirstCar()[pri:0, instance:testCases.BMWFirstCar@260e86a1]" started-at="2025-07-09T20:27:27 IST" name="testFirstCar" finished-at="2025-07-09T20:27:32 IST" duration-ms="4486" status="PASS">
          <reporter-output>
          </reporter-output>
        </test-method> <!-- testFirstCar -->
      </class> <!-- testCases.BMWFirstCar -->
      <class name="package1.WebTable">
        <test-method signature="testCricketScore(java.lang.String,java.lang.String)[pri:1, instance:package1.WebTable@43b6123e]" started-at="2025-07-09T20:27:02 IST" name="testCricketScore" data-provider="inningNo" finished-at="2025-07-09T20:27:08 IST" duration-ms="5670" status="PASS">
          <params>
            <param index="0">
              <value>
                <![CDATA[innings_1]]>
              </value>
            </param>
            <param index="1">
              <value>
                <![CDATA[https://www.cricbuzz.com/live-cricket-scorecard/106673/rsa-vs-aus-final-icc-world-test-championship-final-2025]]>
              </value>
            </param>
          </params>
          <reporter-output>
          </reporter-output>
        </test-method> <!-- testCricketScore -->
        <test-method signature="testCricketScore(java.lang.String,java.lang.String)[pri:1, instance:package1.WebTable@43b6123e]" started-at="2025-07-09T20:27:08 IST" name="testCricketScore" data-provider="inningNo" finished-at="2025-07-09T20:27:11 IST" duration-ms="3571" status="PASS">
          <params>
            <param index="0">
              <value>
                <![CDATA[innings_2]]>
              </value>
            </param>
            <param index="1">
              <value>
                <![CDATA[https://www.cricbuzz.com/live-cricket-scorecard/106673/rsa-vs-aus-final-icc-world-test-championship-final-2025]]>
              </value>
            </param>
          </params>
          <reporter-output>
          </reporter-output>
        </test-method> <!-- testCricketScore -->
        <test-method signature="testCricketScore(java.lang.String,java.lang.String)[pri:1, instance:package1.WebTable@43b6123e]" started-at="2025-07-09T20:27:11 IST" name="testCricketScore" data-provider="inningNo" finished-at="2025-07-09T20:27:15 IST" duration-ms="3632" status="PASS">
          <params>
            <param index="0">
              <value>
                <![CDATA[innings_3]]>
              </value>
            </param>
            <param index="1">
              <value>
                <![CDATA[https://www.cricbuzz.com/live-cricket-scorecard/106673/rsa-vs-aus-final-icc-world-test-championship-final-2025]]>
              </value>
            </param>
          </params>
          <reporter-output>
          </reporter-output>
        </test-method> <!-- testCricketScore -->
        <test-method signature="testCricketScore(java.lang.String,java.lang.String)[pri:1, instance:package1.WebTable@43b6123e]" started-at="2025-07-09T20:27:15 IST" name="testCricketScore" data-provider="inningNo" finished-at="2025-07-09T20:27:18 IST" duration-ms="3462" status="PASS">
          <params>
            <param index="0">
              <value>
                <![CDATA[innings_4]]>
              </value>
            </param>
            <param index="1">
              <value>
                <![CDATA[https://www.cricbuzz.com/live-cricket-scorecard/106673/rsa-vs-aus-final-icc-world-test-championship-final-2025]]>
              </value>
            </param>
          </params>
          <reporter-output>
          </reporter-output>
        </test-method> <!-- testCricketScore -->
        <test-method signature="testCricketScore(java.lang.String,java.lang.String)[pri:1, instance:package1.WebTable@43b6123e]" started-at="2025-07-09T20:27:18 IST" name="testCricketScore" data-provider="inningNo" finished-at="2025-07-09T20:27:21 IST" duration-ms="2792" status="PASS">
          <params>
            <param index="0">
              <value>
                <![CDATA[innings_1]]>
              </value>
            </param>
            <param index="1">
              <value>
                <![CDATA[https://www.cricbuzz.com/live-cricket-scorecard/118586/sl-vs-ban-1st-test-bangladesh-tour-of-sri-lanka-2025]]>
              </value>
            </param>
          </params>
          <reporter-output>
          </reporter-output>
        </test-method> <!-- testCricketScore -->
        <test-method signature="testCricketScore(java.lang.String,java.lang.String)[pri:1, instance:package1.WebTable@43b6123e]" started-at="2025-07-09T20:27:21 IST" name="testCricketScore" data-provider="inningNo" finished-at="2025-07-09T20:27:24 IST" duration-ms="3348" status="PASS">
          <params>
            <param index="0">
              <value>
                <![CDATA[innings_2]]>
              </value>
            </param>
            <param index="1">
              <value>
                <![CDATA[https://www.cricbuzz.com/live-cricket-scorecard/118586/sl-vs-ban-1st-test-bangladesh-tour-of-sri-lanka-2025]]>
              </value>
            </param>
          </params>
          <reporter-output>
          </reporter-output>
        </test-method> <!-- testCricketScore -->
        <test-method signature="testCricketScore(java.lang.String,java.lang.String)[pri:1, instance:package1.WebTable@43b6123e]" started-at="2025-07-09T20:27:24 IST" name="testCricketScore" data-provider="inningNo" finished-at="2025-07-09T20:27:27 IST" duration-ms="2982" status="PASS">
          <params>
            <param index="0">
              <value>
                <![CDATA[innings_3]]>
              </value>
            </param>
            <param index="1">
              <value>
                <![CDATA[https://www.cricbuzz.com/live-cricket-scorecard/118586/sl-vs-ban-1st-test-bangladesh-tour-of-sri-lanka-2025]]>
              </value>
            </param>
          </params>
          <reporter-output>
          </reporter-output>
        </test-method> <!-- testCricketScore -->
        <test-method is-config="true" signature="closeBrowser()[pri:0, instance:package1.WebTable@43b6123e]" started-at="2025-07-09T20:27:39 IST" name="closeBrowser" finished-at="2025-07-09T20:27:40 IST" duration-ms="777" status="PASS">
          <reporter-output>
          </reporter-output>
        </test-method> <!-- closeBrowser -->
      </class> <!-- package1.WebTable -->
      <class name="testCases.TataFirstCar">
        <test-method signature="testFirstCarTitle()[pri:0, instance:testCases.TataFirstCar@19648c40]" started-at="2025-07-09T20:27:32 IST" name="testFirstCarTitle" finished-at="2025-07-09T20:27:38 IST" duration-ms="6186" status="PASS">
          <reporter-output>
          </reporter-output>
        </test-method> <!-- testFirstCarTitle -->
      </class> <!-- testCases.TataFirstCar -->
    </test> <!-- Test -->
  </suite> <!-- Suite -->
</testng-results>
