<?xml version="1.0" encoding="UTF-8"?>
<testng-results ignored="0" total="15" passed="15" failed="0" skipped="0">
  <reporter-output>
  </reporter-output>
  <suite started-at="2025-07-09T18:39:42 IST" name="Suite" finished-at="2025-07-09T18:40:59 IST" duration-ms="77364">
    <groups>
    </groups>
    <test started-at="2025-07-09T18:39:42 IST" name="Test" finished-at="2025-07-09T18:40:59 IST" duration-ms="77364">
      <class name="package1.MakeMyTrip">
        <test-method is-config="true" signature="launchingBrowser()[pri:0, instance:package1.MakeMyTrip@65045a87]" started-at="2025-07-09T18:39:42 IST" name="launchingBrowser" finished-at="2025-07-09T18:39:47 IST" duration-ms="5154" status="PASS">
          <reporter-output>
          </reporter-output>
        </test-method> <!-- launchingBrowser -->
        <test-method signature="testLeastPrice(java.lang.String,java.lang.String)[pri:0, instance:package1.MakeMyTrip@65045a87]" started-at="2025-07-09T18:39:47 IST" name="testLeastPrice" data-provider="cities" finished-at="2025-07-09T18:39:51 IST" duration-ms="3724" status="PASS">
          <params>
            <param index="0">
              <value>
                <![CDATA[Hyderabad]]>
              </value>
            </param>
            <param index="1">
              <value>
                <![CDATA[Bengaluru]]>
              </value>
            </param>
          </params>
          <reporter-output>
          </reporter-output>
        </test-method> <!-- testLeastPrice -->
        <test-method signature="testLeastPrice(java.lang.String,java.lang.String)[pri:0, instance:package1.MakeMyTrip@65045a87]" started-at="2025-07-09T18:39:51 IST" name="testLeastPrice" data-provider="cities" finished-at="2025-07-09T18:39:55 IST" duration-ms="4444" status="PASS">
          <params>
            <param index="0">
              <value>
                <![CDATA[Bengaluru]]>
              </value>
            </param>
            <param index="1">
              <value>
                <![CDATA[Hyderabad]]>
              </value>
            </param>
          </params>
          <reporter-output>
          </reporter-output>
        </test-method> <!-- testLeastPrice -->
        <test-method signature="testLeastPrice(java.lang.String,java.lang.String)[pri:0, instance:package1.MakeMyTrip@65045a87]" started-at="2025-07-09T18:39:55 IST" name="testLeastPrice" data-provider="cities" finished-at="2025-07-09T18:39:59 IST" duration-ms="4313" status="PASS">
          <params>
            <param index="0">
              <value>
                <![CDATA[Bengaluru]]>
              </value>
            </param>
            <param index="1">
              <value>
                <![CDATA[Dubai]]>
              </value>
            </param>
          </params>
          <reporter-output>
          </reporter-output>
        </test-method> <!-- testLeastPrice -->
        <test-method signature="testLeastPrice(java.lang.String,java.lang.String)[pri:0, instance:package1.MakeMyTrip@65045a87]" started-at="2025-07-09T18:39:59 IST" name="testLeastPrice" data-provider="cities" finished-at="2025-07-09T18:40:02 IST" duration-ms="2639" status="PASS">
          <params>
            <param index="0">
              <value>
                <![CDATA[Chennai]]>
              </value>
            </param>
            <param index="1">
              <value>
                <![CDATA[Delhi]]>
              </value>
            </param>
          </params>
          <reporter-output>
          </reporter-output>
        </test-method> <!-- testLeastPrice -->
        <test-method signature="testLeastPrice(java.lang.String,java.lang.String)[pri:0, instance:package1.MakeMyTrip@65045a87]" started-at="2025-07-09T18:40:02 IST" name="testLeastPrice" data-provider="cities" finished-at="2025-07-09T18:40:05 IST" duration-ms="2679" status="PASS">
          <params>
            <param index="0">
              <value>
                <![CDATA[Mumbai]]>
              </value>
            </param>
            <param index="1">
              <value>
                <![CDATA[Delhi]]>
              </value>
            </param>
          </params>
          <reporter-output>
          </reporter-output>
        </test-method> <!-- testLeastPrice -->
        <test-method signature="testLeastPrice(java.lang.String,java.lang.String)[pri:0, instance:package1.MakeMyTrip@65045a87]" started-at="2025-07-09T18:40:05 IST" name="testLeastPrice" data-provider="cities" finished-at="2025-07-09T18:40:07 IST" duration-ms="2563" status="PASS">
          <params>
            <param index="0">
              <value>
                <![CDATA[Kolkata]]>
              </value>
            </param>
            <param index="1">
              <value>
                <![CDATA[Delhi]]>
              </value>
            </param>
          </params>
          <reporter-output>
          </reporter-output>
        </test-method> <!-- testLeastPrice -->
        <test-method is-config="true" signature="closingBrowser()[pri:0, instance:package1.MakeMyTrip@65045a87]" started-at="2025-07-09T18:40:57 IST" name="closingBrowser" finished-at="2025-07-09T18:40:58 IST" duration-ms="1249" status="PASS">
          <reporter-output>
          </reporter-output>
        </test-method> <!-- closingBrowser -->
      </class> <!-- package1.MakeMyTrip -->
      <class name="testCases.BMWFirstCar">
        <test-method signature="testFirstCar()[pri:0, instance:testCases.BMWFirstCar@640f11a1]" started-at="2025-07-09T18:40:39 IST" name="testFirstCar" finished-at="2025-07-09T18:40:46 IST" duration-ms="7965" status="PASS">
          <reporter-output>
          </reporter-output>
        </test-method> <!-- testFirstCar -->
      </class> <!-- testCases.BMWFirstCar -->
      <class name="package1.WebTable">
        <test-method signature="testCricketScore(java.lang.String,java.lang.String)[pri:1, instance:package1.WebTable@2f05be7f]" started-at="2025-07-09T18:40:07 IST" name="testCricketScore" data-provider="inningNo" finished-at="2025-07-09T18:40:15 IST" duration-ms="8084" status="PASS">
          <params>
            <param index="0">
              <value>
                <![CDATA[innings_1]]>
              </value>
            </param>
            <param index="1">
              <value>
                <![CDATA[https://www.cricbuzz.com/live-cricket-scorecard/106673/rsa-vs-aus-final-icc-world-test-championship-final-2025]]>
              </value>
            </param>
          </params>
          <reporter-output>
          </reporter-output>
        </test-method> <!-- testCricketScore -->
        <test-method signature="testCricketScore(java.lang.String,java.lang.String)[pri:1, instance:package1.WebTable@2f05be7f]" started-at="2025-07-09T18:40:15 IST" name="testCricketScore" data-provider="inningNo" finished-at="2025-07-09T18:40:20 IST" duration-ms="4700" status="PASS">
          <params>
            <param index="0">
              <value>
                <![CDATA[innings_2]]>
              </value>
            </param>
            <param index="1">
              <value>
                <![CDATA[https://www.cricbuzz.com/live-cricket-scorecard/106673/rsa-vs-aus-final-icc-world-test-championship-final-2025]]>
              </value>
            </param>
          </params>
          <reporter-output>
          </reporter-output>
        </test-method> <!-- testCricketScore -->
        <test-method signature="testCricketScore(java.lang.String,java.lang.String)[pri:1, instance:package1.WebTable@2f05be7f]" started-at="2025-07-09T18:40:20 IST" name="testCricketScore" data-provider="inningNo" finished-at="2025-07-09T18:40:25 IST" duration-ms="4478" status="PASS">
          <params>
            <param index="0">
              <value>
                <![CDATA[innings_3]]>
              </value>
            </param>
            <param index="1">
              <value>
                <![CDATA[https://www.cricbuzz.com/live-cricket-scorecard/106673/rsa-vs-aus-final-icc-world-test-championship-final-2025]]>
              </value>
            </param>
          </params>
          <reporter-output>
          </reporter-output>
        </test-method> <!-- testCricketScore -->
        <test-method signature="testCricketScore(java.lang.String,java.lang.String)[pri:1, instance:package1.WebTable@2f05be7f]" started-at="2025-07-09T18:40:25 IST" name="testCricketScore" data-provider="inningNo" finished-at="2025-07-09T18:40:27 IST" duration-ms="2822" status="PASS">
          <params>
            <param index="0">
              <value>
                <![CDATA[innings_4]]>
              </value>
            </param>
            <param index="1">
              <value>
                <![CDATA[https://www.cricbuzz.com/live-cricket-scorecard/106673/rsa-vs-aus-final-icc-world-test-championship-final-2025]]>
              </value>
            </param>
          </params>
          <reporter-output>
          </reporter-output>
        </test-method> <!-- testCricketScore -->
        <test-method signature="testCricketScore(java.lang.String,java.lang.String)[pri:1, instance:package1.WebTable@2f05be7f]" started-at="2025-07-09T18:40:27 IST" name="testCricketScore" data-provider="inningNo" finished-at="2025-07-09T18:40:31 IST" duration-ms="4069" status="PASS">
          <params>
            <param index="0">
              <value>
                <![CDATA[innings_1]]>
              </value>
            </param>
            <param index="1">
              <value>
                <![CDATA[https://www.cricbuzz.com/live-cricket-scorecard/118586/sl-vs-ban-1st-test-bangladesh-tour-of-sri-lanka-2025]]>
              </value>
            </param>
          </params>
          <reporter-output>
          </reporter-output>
        </test-method> <!-- testCricketScore -->
        <test-method signature="testCricketScore(java.lang.String,java.lang.String)[pri:1, instance:package1.WebTable@2f05be7f]" started-at="2025-07-09T18:40:31 IST" name="testCricketScore" data-provider="inningNo" finished-at="2025-07-09T18:40:35 IST" duration-ms="3871" status="PASS">
          <params>
            <param index="0">
              <value>
                <![CDATA[innings_2]]>
              </value>
            </param>
            <param index="1">
              <value>
                <![CDATA[https://www.cricbuzz.com/live-cricket-scorecard/118586/sl-vs-ban-1st-test-bangladesh-tour-of-sri-lanka-2025]]>
              </value>
            </param>
          </params>
          <reporter-output>
          </reporter-output>
        </test-method> <!-- testCricketScore -->
        <test-method signature="testCricketScore(java.lang.String,java.lang.String)[pri:1, instance:package1.WebTable@2f05be7f]" started-at="2025-07-09T18:40:35 IST" name="testCricketScore" data-provider="inningNo" finished-at="2025-07-09T18:40:39 IST" duration-ms="3174" status="PASS">
          <params>
            <param index="0">
              <value>
                <![CDATA[innings_3]]>
              </value>
            </param>
            <param index="1">
              <value>
                <![CDATA[https://www.cricbuzz.com/live-cricket-scorecard/118586/sl-vs-ban-1st-test-bangladesh-tour-of-sri-lanka-2025]]>
              </value>
            </param>
          </params>
          <reporter-output>
          </reporter-output>
        </test-method> <!-- testCricketScore -->
        <test-method is-config="true" signature="closeBrowser()[pri:0, instance:package1.WebTable@2f05be7f]" started-at="2025-07-09T18:40:58 IST" name="closeBrowser" finished-at="2025-07-09T18:40:59 IST" duration-ms="951" status="PASS">
          <reporter-output>
          </reporter-output>
        </test-method> <!-- closeBrowser -->
      </class> <!-- package1.WebTable -->
      <class name="testCases.TataFirstCar">
        <test-method signature="testFirstCarTitle()[pri:0, instance:testCases.TataFirstCar@5c10f1c3]" started-at="2025-07-09T18:40:46 IST" name="testFirstCarTitle" finished-at="2025-07-09T18:40:57 IST" duration-ms="10292" status="PASS">
          <reporter-output>
          </reporter-output>
        </test-method> <!-- testFirstCarTitle -->
      </class> <!-- testCases.TataFirstCar -->
    </test> <!-- Test -->
  </suite> <!-- Suite -->
</testng-results>
