<?xml version="1.0" encoding="UTF-8"?>
<testng-results ignored="0" total="4" passed="4" failed="0" skipped="0">
  <reporter-output>
  </reporter-output>
  <suite started-at="2025-07-10T14:24:10 IST" name="Default suite" finished-at="2025-07-10T14:24:24 IST" duration-ms="14240">
    <groups>
    </groups>
    <test started-at="2025-07-10T14:24:10 IST" name="Default test" finished-at="2025-07-10T14:24:24 IST" duration-ms="14240">
      <class name="package1.MakeMyTrip">
        <test-method is-config="true" signature="launchingBrowser()[pri:0, instance:package1.MakeMyTrip@70a36a66]" started-at="2025-07-10T14:24:10 IST" name="launchingBrowser" finished-at="2025-07-10T14:24:12 IST" duration-ms="2280" status="PASS">
          <reporter-output>
          </reporter-output>
        </test-method> <!-- launchingBrowser -->
        <test-method signature="testLeastPrice(java.lang.String,java.lang.String)[pri:0, instance:package1.MakeMyTrip@70a36a66]" started-at="2025-07-10T14:24:13 IST" name="testLeastPrice" data-provider="cities" finished-at="2025-07-10T14:24:15 IST" duration-ms="2452" status="PASS">
          <params>
            <param index="0">
              <value>
                <![CDATA[Hyderabad]]>
              </value>
            </param>
            <param index="1">
              <value>
                <![CDATA[Bengaluru]]>
              </value>
            </param>
          </params>
          <reporter-output>
          </reporter-output>
        </test-method> <!-- testLeastPrice -->
        <test-method signature="testLeastPrice(java.lang.String,java.lang.String)[pri:0, instance:package1.MakeMyTrip@70a36a66]" started-at="2025-07-10T14:24:15 IST" name="testLeastPrice" data-provider="cities" finished-at="2025-07-10T14:24:18 IST" duration-ms="2452" status="PASS">
          <params>
            <param index="0">
              <value>
                <![CDATA[Bengaluru]]>
              </value>
            </param>
            <param index="1">
              <value>
                <![CDATA[Hyderabad]]>
              </value>
            </param>
          </params>
          <reporter-output>
          </reporter-output>
        </test-method> <!-- testLeastPrice -->
        <test-method signature="testLeastPrice(java.lang.String,java.lang.String)[pri:0, instance:package1.MakeMyTrip@70a36a66]" started-at="2025-07-10T14:24:18 IST" name="testLeastPrice" data-provider="cities" finished-at="2025-07-10T14:24:21 IST" duration-ms="2886" status="PASS">
          <params>
            <param index="0">
              <value>
                <![CDATA[Mumbai]]>
              </value>
            </param>
            <param index="1">
              <value>
                <![CDATA[Delhi]]>
              </value>
            </param>
          </params>
          <reporter-output>
          </reporter-output>
        </test-method> <!-- testLeastPrice -->
        <test-method signature="testLeastPrice(java.lang.String,java.lang.String)[pri:0, instance:package1.MakeMyTrip@70a36a66]" started-at="2025-07-10T14:24:21 IST" name="testLeastPrice" data-provider="cities" finished-at="2025-07-10T14:24:24 IST" duration-ms="2859" status="PASS">
          <params>
            <param index="0">
              <value>
                <![CDATA[Kolkata]]>
              </value>
            </param>
            <param index="1">
              <value>
                <![CDATA[Delhi]]>
              </value>
            </param>
          </params>
          <reporter-output>
          </reporter-output>
        </test-method> <!-- testLeastPrice -->
        <test-method is-config="true" signature="closingBrowser()[pri:0, instance:package1.MakeMyTrip@70a36a66]" started-at="2025-07-10T14:24:24 IST" name="closingBrowser" finished-at="2025-07-10T14:24:24 IST" duration-ms="525" status="PASS">
          <reporter-output>
          </reporter-output>
        </test-method> <!-- closingBrowser -->
      </class> <!-- package1.MakeMyTrip -->
    </test> <!-- Default test -->
  </suite> <!-- Default suite -->
</testng-results>
